Info: Start Nativelink Simulation process

========= EDA Simulation Settings =====================

Sim Mode              :  Gate
Family                :  cycloneive
Quartus root          :  c:/intelfpga_lite/19.1/quartus/bin64/
Quartus sim root      :  c:/intelfpga_lite/19.1/quartus/eda/sim_lib
Simulation Tool       :  modelsim-altera
Simulation Language   :  vhdl
Version               :  93
Simulation Mode       :  GUI
Sim Output File       :  m68hc11.vho
Sim SDF file          :  m68hc11__vhdl.sdo
Sim dir               :  simulation\modelsim

=======================================================

Info: Starting NativeLink simulation with ModelSim-Altera software
Sourced NativeLink script c:/intelfpga_lite/19.1/quartus/common/tcl/internal/nativelink/modelsim.tcl
Warning: File m68hc11_run_msim_gate_vhdl.do already exists - backing up current file as m68hc11_run_msim_gate_vhdl.do.bak5
Probing transcript
ModelSim-Altera Info: # Reading C:/intelFPGA_lite/19.1/modelsim_ase/tcl/vsim/pref.tcl
Info: NativeLink simulation flow was successful
